Line 259: Class WMPLibCtl.WindowsMediaPlayer of control mp was not a loaded control class.
Line 266: The property name URL in mp is invalid.
Line 267: The property name rate in mp is invalid.
Line 268: The property name balance in mp is invalid.
Line 269: The property name currentPosition in mp is invalid.
Line 270: The property name defaultFrame in mp is invalid.
Line 271: The property name playCount in mp is invalid.
Line 272: The property name autoStart in mp is invalid.
Line 273: The property name currentMarker in mp is invalid.
Line 274: The property name invokeURLs in mp is invalid.
Line 275: The property name baseURL in mp is invalid.
Line 276: The property name volume in mp is invalid.
Line 277: The property name mute in mp is invalid.
Line 278: The property name uiMode in mp is invalid.
Line 279: The property name stretchToFit in mp is invalid.
Line 280: The property name windowlessVideo in mp is invalid.
Line 282: The property name enableContextMenu in mp is invalid.
Line 283: The property name fullScreen in mp is invalid.
Line 284: The property name SAMIStyle in mp is invalid.
Line 285: The property name SAMILang in mp is invalid.
Line 286: The property name SAMIFilename in mp is invalid.
Line 287: The property name captioningID in mp is invalid.
Line 288: The property name enableErrorDialogs in mp is invalid.
Line 289: The property name _cx in mp is invalid.
Line 290: The property name _cy in mp is invalid.
